# JRE version: OpenJDK Runtime Environment (11.0.12+7) (build 11.0.12+7-b1504.28-7817840)
# Java VM: OpenJDK 64-Bit Server VM (11.0.12+7-b1504.28-7817840, mixed mode, tiered, compressed oops, g1 gc, windows-amd64)
Heap:
 garbage-first heap   total 296960K, used 187739K [0x0000000080000000, 0x0000000100000000)
  region size 1024K, 15 young (15360K), 6 survivors (6144K)
 Metaspace       used 132193K, capacity 135063K, committed 135552K, reserved 1167360K
  class space    used 16131K, capacity 17171K, committed 17280K, reserved 1048576K
GC Heap History (20 events):
Event: 3334.973 GC heap before
{Heap before GC invocations=92 (full 0):
 garbage-first heap   total 187392K, used 144999K [0x0000000080000000, 0x0000000100000000)
  region size 1024K, 9 young (9216K), 2 survivors (2048K)
 Metaspace       used 128477K, capacity 131197K, committed 131712K, reserved 1163264K
  class space    used 15858K, capacity 16864K, committed 17024K, reserved 1048576K
}
Event: 3334.979 GC heap after
{Heap after GC invocations=93 (full 0):
 garbage-first heap   total 187392K, used 138214K [0x0000000080000000, 0x0000000100000000)
  region size 1024K, 2 young (2048K), 2 survivors (2048K)
 Metaspace       used 128477K, capacity 131197K, committed 131712K, reserved 1163264K
  class space    used 15858K, capacity 16864K, committed 17024K, reserved 1048576K
}
Event: 3335.154 GC heap before
{Heap before GC invocations=93 (full 0):
 garbage-first heap   total 187392K, used 158694K [0x0000000080000000, 0x0000000100000000)
  region size 1024K, 22 young (22528K), 2 survivors (2048K)
 Metaspace       used 128620K, capacity 131325K, committed 131712K, reserved 1163264K
  class space    used 15858K, capacity 16864K, committed 17024K, reserved 1048576K
}
Event: 3335.160 GC heap after
{Heap after GC invocations=94 (full 0):
 garbage-first heap   total 187392K, used 140581K [0x0000000080000000, 0x0000000100000000)
  region size 1024K, 3 young (3072K), 3 survivors (3072K)
 Metaspace       used 128620K, capacity 131325K, committed 131712K, reserved 1163264K
  class space    used 15858K, capacity 16864K, committed 17024K, reserved 1048576K
}
Event: 3335.401 GC heap before
{Heap before GC invocations=95 (full 0):
 garbage-first heap   total 187392K, used 159013K [0x0000000080000000, 0x0000000100000000)
  region size 1024K, 22 young (22528K), 3 survivors (3072K)
 Metaspace       used 128663K, capacity 131389K, committed 131968K, reserved 1165312K
  class space    used 15858K, capacity 16864K, committed 17024K, reserved 1048576K
}
Event: 3335.409 GC heap after
{Heap after GC invocations=96 (full 0):
 garbage-first heap   total 187392K, used 146104K [0x0000000080000000, 0x0000000100000000)
  region size 1024K, 3 young (3072K), 3 survivors (3072K)
 Metaspace       used 128663K, capacity 131389K, committed 131968K, reserved 1165312K
  class space    used 15858K, capacity 16864K, committed 17024K, reserved 1048576K
}
Event: 3335.486 GC heap before
{Heap before GC invocations=96 (full 0):
 garbage-first heap   total 187392K, used 152248K [0x0000000080000000, 0x0000000100000000)
  region size 1024K, 9 young (9216K), 3 survivors (3072K)
 Metaspace       used 128667K, capacity 131389K, committed 131968K, reserved 1165312K
  class space    used 15858K, capacity 16864K, committed 17024K, reserved 1048576K
}
Event: 3335.494 GC heap after
{Heap after GC invocations=97 (full 0):
 garbage-first heap   total 225280K, used 147960K [0x0000000080000000, 0x0000000100000000)
  region size 1024K, 2 young (2048K), 2 survivors (2048K)
 Metaspace       used 128667K, capacity 131389K, committed 131968K, reserved 1165312K
  class space    used 15858K, capacity 16864K, committed 17024K, reserved 1048576K
}
Event: 3335.554 GC heap before
{Heap before GC invocations=97 (full 0):
 garbage-first heap   total 225280K, used 151032K [0x0000000080000000, 0x0000000100000000)
  region size 1024K, 6 young (6144K), 2 survivors (2048K)
 Metaspace       used 128668K, capacity 131389K, committed 131968K, reserved 1165312K
  class space    used 15858K, capacity 16864K, committed 17024K, reserved 1048576K
}
Event: 3335.562 GC heap after
{Heap after GC invocations=98 (full 0):
 garbage-first heap   total 225280K, used 149115K [0x0000000080000000, 0x0000000100000000)
  region size 1024K, 3 young (3072K), 3 survivors (3072K)
 Metaspace       used 128668K, capacity 131389K, committed 131968K, reserved 1165312K
  class space    used 15858K, capacity 16864K, committed 17024K, reserved 1048576K
}
Event: 3335.994 GC heap before
{Heap before GC invocations=99 (full 0):
 garbage-first heap   total 225280K, used 177787K [0x0000000080000000, 0x0000000100000000)
  region size 1024K, 29 young (29696K), 3 survivors (3072K)
 Metaspace       used 128746K, capacity 131453K, committed 131968K, reserved 1165312K
  class space    used 15858K, capacity 16864K, committed 17024K, reserved 1048576K
}
Event: 3336.006 GC heap after
{Heap after GC invocations=100 (full 0):
 garbage-first heap   total 225280K, used 160766K [0x0000000080000000, 0x0000000100000000)
  region size 1024K, 4 young (4096K), 4 survivors (4096K)
 Metaspace       used 128746K, capacity 131453K, committed 131968K, reserved 1165312K
  class space    used 15858K, capacity 16864K, committed 17024K, reserved 1048576K
}
Event: 3336.504 GC heap before
{Heap before GC invocations=100 (full 0):
 garbage-first heap   total 225280K, used 175102K [0x0000000080000000, 0x0000000100000000)
  region size 1024K, 20 young (20480K), 4 survivors (4096K)
 Metaspace       used 129072K, capacity 131872K, committed 132224K, reserved 1165312K
  class space    used 15887K, capacity 16897K, committed 17024K, reserved 1048576K
}
Event: 3336.519 GC heap after
{Heap after GC invocations=101 (full 0):
 garbage-first heap   total 225280K, used 164313K [0x0000000080000000, 0x0000000100000000)
  region size 1024K, 3 young (3072K), 3 survivors (3072K)
 Metaspace       used 129072K, capacity 131872K, committed 132224K, reserved 1165312K
  class space    used 15887K, capacity 16897K, committed 17024K, reserved 1048576K
}
Event: 3337.135 GC heap before
{Heap before GC invocations=102 (full 0):
 garbage-first heap   total 225280K, used 191961K [0x0000000080000000, 0x0000000100000000)
  region size 1024K, 22 young (22528K), 3 survivors (3072K)
 Metaspace       used 129132K, capacity 131873K, committed 132224K, reserved 1165312K
  class space    used 15889K, capacity 16897K, committed 17024K, reserved 1048576K
}
Event: 3337.146 GC heap after
{Heap after GC invocations=103 (full 0):
 garbage-first heap   total 296960K, used 167031K [0x0000000080000000, 0x0000000100000000)
  region size 1024K, 3 young (3072K), 3 survivors (3072K)
 Metaspace       used 129132K, capacity 131873K, committed 132224K, reserved 1165312K
  class space    used 15889K, capacity 16897K, committed 17024K, reserved 1048576K
}
Event: 3337.658 GC heap before
{Heap before GC invocations=103 (full 0):
 garbage-first heap   total 296960K, used 189559K [0x0000000080000000, 0x0000000100000000)
  region size 1024K, 26 young (26624K), 3 survivors (3072K)
 Metaspace       used 129194K, capacity 131947K, committed 132480K, reserved 1165312K
  class space    used 15894K, capacity 16900K, committed 17024K, reserved 1048576K
}
Event: 3337.674 GC heap after
{Heap after GC invocations=104 (full 0):
 garbage-first heap   total 296960K, used 173315K [0x0000000080000000, 0x0000000100000000)
  region size 1024K, 6 young (6144K), 6 survivors (6144K)
 Metaspace       used 129194K, capacity 131947K, committed 132480K, reserved 1165312K
  class space    used 15894K, capacity 16900K, committed 17024K, reserved 1048576K
}
Event: 3338.542 GC heap before
{Heap before GC invocations=105 (full 0):
 garbage-first heap   total 296960K, used 231683K [0x0000000080000000, 0x0000000100000000)
  region size 1024K, 46 young (47104K), 6 survivors (6144K)
 Metaspace       used 131033K, capacity 133783K, committed 134144K, reserved 1167360K
  class space    used 16052K, capacity 17043K, committed 17152K, reserved 1048576K
}
Event: 3338.563 GC heap after
{Heap after GC invocations=106 (full 0):
 garbage-first heap   total 296960K, used 179547K [0x0000000080000000, 0x0000000100000000)
  region size 1024K, 6 young (6144K), 6 survivors (6144K)
 Metaspace       used 131033K, capacity 133783K, committed 134144K, reserved 1167360K
  class space    used 16052K, capacity 17043K, committed 17152K, reserved 1048576K
}

