Heap:
 garbage-first heap   total 163840K, used 24300K [0x0000000080000000, 0x0000000100000000)
  region size 1024K, 5 young (5120K), 5 survivors (5120K)
 Metaspace       used 36725K, capacity 37548K, committed 37632K, reserved 1095680K
  class space    used 4753K, capacity 5045K, committed 5120K, reserved 1048576K
GC Heap History (14 events):
Event: 0.524 GC heap before
{Heap before GC invocations=0 (full 0):
 garbage-first heap   total 129024K, used 30720K [0x0000000080000000, 0x0000000100000000)
  region size 1024K, 24 young (24576K), 0 survivors (0K)
 Metaspace       used 10220K, capacity 10427K, committed 10624K, reserved 1058816K
  class space    used 1071K, capacity 1141K, committed 1152K, reserved 1048576K
}
Event: 0.528 GC heap after
{Heap after GC invocations=1 (full 0):
 garbage-first heap   total 129024K, used 9521K [0x0000000080000000, 0x0000000100000000)
  region size 1024K, 3 young (3072K), 3 survivors (3072K)
 Metaspace       used 10220K, capacity 10427K, committed 10624K, reserved 1058816K
  class space    used 1071K, capacity 1141K, committed 1152K, reserved 1048576K
}
Event: 0.740 GC heap before
{Heap before GC invocations=1 (full 0):
 garbage-first heap   total 129024K, used 32049K [0x0000000080000000, 0x0000000100000000)
  region size 1024K, 25 young (25600K), 3 survivors (3072K)
 Metaspace       used 11186K, capacity 11382K, committed 11520K, reserved 1058816K
  class space    used 1173K, capacity 1246K, committed 1280K, reserved 1048576K
}
Event: 0.744 GC heap after
{Heap after GC invocations=2 (full 0):
 garbage-first heap   total 129024K, used 10109K [0x0000000080000000, 0x0000000100000000)
  region size 1024K, 1 young (1024K), 1 survivors (1024K)
 Metaspace       used 11186K, capacity 11382K, committed 11520K, reserved 1058816K
  class space    used 1173K, capacity 1246K, committed 1280K, reserved 1048576K
}
Event: 1.591 GC heap before
{Heap before GC invocations=2 (full 0):
 garbage-first heap   total 129024K, used 62333K [0x0000000080000000, 0x0000000100000000)
  region size 1024K, 52 young (53248K), 1 survivors (1024K)
 Metaspace       used 17634K, capacity 17973K, committed 18176K, reserved 1064960K
  class space    used 2087K, capacity 2211K, committed 2304K, reserved 1048576K
}
Event: 1.621 GC heap after
{Heap after GC invocations=3 (full 0):
 garbage-first heap   total 129024K, used 16359K [0x0000000080000000, 0x0000000100000000)
  region size 1024K, 7 young (7168K), 7 survivors (7168K)
 Metaspace       used 17634K, capacity 17973K, committed 18176K, reserved 1064960K
  class space    used 2087K, capacity 2211K, committed 2304K, reserved 1048576K
}
Event: 2.090 GC heap before
{Heap before GC invocations=3 (full 0):
 garbage-first heap   total 129024K, used 44007K [0x0000000080000000, 0x0000000100000000)
  region size 1024K, 35 young (35840K), 7 survivors (7168K)
 Metaspace       used 20741K, capacity 21137K, committed 21248K, reserved 1067008K
  class space    used 2553K, capacity 2712K, committed 2816K, reserved 1048576K
}
Event: 2.099 GC heap after
{Heap after GC invocations=4 (full 0):
 garbage-first heap   total 129024K, used 17824K [0x0000000080000000, 0x0000000100000000)
  region size 1024K, 2 young (2048K), 2 survivors (2048K)
 Metaspace       used 20741K, capacity 21137K, committed 21248K, reserved 1067008K
  class space    used 2553K, capacity 2712K, committed 2816K, reserved 1048576K
}
Event: 3.316 GC heap before
{Heap before GC invocations=5 (full 0):
 garbage-first heap   total 129024K, used 71072K [0x0000000080000000, 0x0000000100000000)
  region size 1024K, 54 young (55296K), 2 survivors (2048K)
 Metaspace       used 26481K, capacity 27075K, committed 27264K, reserved 1073152K
  class space    used 3448K, capacity 3659K, committed 3712K, reserved 1048576K
}
Event: 3.320 GC heap after
{Heap after GC invocations=6 (full 0):
 garbage-first heap   total 163840K, used 19591K [0x0000000080000000, 0x0000000100000000)
  region size 1024K, 3 young (3072K), 3 survivors (3072K)
 Metaspace       used 26481K, capacity 27075K, committed 27264K, reserved 1073152K
  class space    used 3448K, capacity 3659K, committed 3712K, reserved 1048576K
}
Event: 4.656 GC heap before
{Heap before GC invocations=6 (full 0):
 garbage-first heap   total 163840K, used 76935K [0x0000000080000000, 0x0000000100000000)
  region size 1024K, 60 young (61440K), 3 survivors (3072K)
 Metaspace       used 34909K, capacity 35718K, committed 35840K, reserved 1081344K
  class space    used 4534K, capacity 4839K, committed 4864K, reserved 1048576K
}
Event: 4.668 GC heap after
{Heap after GC invocations=7 (full 0):
 garbage-first heap   total 163840K, used 22802K [0x0000000080000000, 0x0000000100000000)
  region size 1024K, 7 young (7168K), 7 survivors (7168K)
 Metaspace       used 34909K, capacity 35718K, committed 35840K, reserved 1081344K
  class space    used 4534K, capacity 4839K, committed 4864K, reserved 1048576K
}
Event: 4.997 GC heap before
{Heap before GC invocations=8 (full 0):
 garbage-first heap   total 163840K, used 32018K [0x0000000080000000, 0x0000000100000000)
  region size 1024K, 18 young (18432K), 7 survivors (7168K)
 Metaspace       used 36725K, capacity 37548K, committed 37632K, reserved 1093632K
  class space    used 4753K, capacity 5045K, committed 5120K, reserved 1048576K
}
Event: 5.007 GC heap after
{Heap after GC invocations=9 (full 0):
 garbage-first heap   total 163840K, used 24300K [0x0000000080000000, 0x0000000100000000)
  region size 1024K, 5 young (5120K), 5 survivors (5120K)
 Metaspace       used 36725K, capacity 37548K, committed 37632K, reserved 1093632K
  class space    used 4753K, capacity 5045K, committed 5120K, reserved 1048576K
}

