# JRE version: OpenJDK Runtime Environment (11.0.12+7) (build 11.0.12+7-b1504.28-7817840)
# Java VM: OpenJDK 64-Bit Server VM (11.0.12+7-b1504.28-7817840, mixed mode, tiered, compressed oops, g1 gc, windows-amd64)
Heap:
 garbage-first heap   total 129024K, used 30185K [0x0000000083600000, 0x0000000100000000)
  region size 1024K, 17 young (17408K), 7 survivors (7168K)
 Metaspace       used 33879K, capacity 34314K, committed 34480K, reserved 1079296K
  class space    used 4240K, capacity 4435K, committed 4528K, reserved 1048576K
GC Heap History (6 events):
Event: 0.498 GC heap before
{Heap before GC invocations=0 (full 0):
 garbage-first heap   total 129024K, used 27648K [0x0000000083600000, 0x0000000100000000)
  region size 1024K, 24 young (24576K), 0 survivors (0K)
 Metaspace       used 12529K, capacity 12631K, committed 12800K, reserved 1060864K
  class space    used 1147K, capacity 1184K, committed 1280K, reserved 1048576K
}
Event: 0.504 GC heap after
{Heap after GC invocations=1 (full 0):
 garbage-first heap   total 129024K, used 6450K [0x0000000083600000, 0x0000000100000000)
  region size 1024K, 3 young (3072K), 3 survivors (3072K)
 Metaspace       used 12529K, capacity 12631K, committed 12800K, reserved 1060864K
  class space    used 1147K, capacity 1184K, committed 1280K, reserved 1048576K
}
Event: 1.102 GC heap before
{Heap before GC invocations=1 (full 0):
 garbage-first heap   total 129024K, used 42290K [0x0000000083600000, 0x0000000100000000)
  region size 1024K, 39 young (39936K), 3 survivors (3072K)
 Metaspace       used 21021K, capacity 21205K, committed 21296K, reserved 1069056K
  class space    used 2235K, capacity 2307K, committed 2352K, reserved 1048576K
}
Event: 1.114 GC heap after
{Heap after GC invocations=2 (full 0):
 garbage-first heap   total 129024K, used 9885K [0x0000000083600000, 0x0000000100000000)
  region size 1024K, 7 young (7168K), 7 survivors (7168K)
 Metaspace       used 21021K, capacity 21205K, committed 21296K, reserved 1069056K
  class space    used 2235K, capacity 2307K, committed 2352K, reserved 1048576K
}
Event: 1.904 GC heap before
{Heap before GC invocations=3 (full 0):
 garbage-first heap   total 129024K, used 62109K [0x0000000083600000, 0x0000000100000000)
  region size 1024K, 53 young (54272K), 7 survivors (7168K)
 Metaspace       used 31155K, capacity 31589K, committed 31920K, reserved 1077248K
  class space    used 3722K, capacity 3889K, committed 4016K, reserved 1048576K
}
Event: 1.918 GC heap after
{Heap after GC invocations=4 (full 0):
 garbage-first heap   total 129024K, used 20969K [0x0000000083600000, 0x0000000100000000)
  region size 1024K, 7 young (7168K), 7 survivors (7168K)
 Metaspace       used 31155K, capacity 31589K, committed 31920K, reserved 1077248K
  class space    used 3722K, capacity 3889K, committed 4016K, reserved 1048576K
}

