# JRE version: OpenJDK Runtime Environment (11.0.12+7) (build 11.0.12+7-b1504.28-7817840)
# Java VM: OpenJDK 64-Bit Server VM (11.0.12+7-b1504.28-7817840, mixed mode, tiered, compressed oops, g1 gc, windows-amd64)
Heap:
 garbage-first heap   total 225280K, used 123062K [0x0000000080000000, 0x0000000100000000)
  region size 1024K, 23 young (23552K), 8 survivors (8192K)
 Metaspace       used 125274K, capacity 128666K, committed 129476K, reserved 1161216K
  class space    used 15721K, capacity 17008K, committed 17348K, reserved 1048576K
GC Heap History (20 events):
Event: 5428.280 GC heap before
{Heap before GC invocations=38 (full 0):
 garbage-first heap   total 225280K, used 185816K [0x0000000080000000, 0x0000000100000000)
  region size 1024K, 71 young (72704K), 7 survivors (7168K)
 Metaspace       used 121380K, capacity 124670K, committed 125508K, reserved 1157120K
  class space    used 15439K, capacity 16671K, committed 16964K, reserved 1048576K
}
Event: 5428.300 GC heap after
{Heap after GC invocations=39 (full 0):
 garbage-first heap   total 225280K, used 127597K [0x0000000080000000, 0x0000000100000000)
  region size 1024K, 7 young (7168K), 7 survivors (7168K)
 Metaspace       used 121380K, capacity 124670K, committed 125508K, reserved 1157120K
  class space    used 15439K, capacity 16671K, committed 16964K, reserved 1048576K
}
Event: 5428.360 GC heap before
{Heap before GC invocations=39 (full 0):
 garbage-first heap   total 225280K, used 131693K [0x0000000080000000, 0x0000000100000000)
  region size 1024K, 11 young (11264K), 7 survivors (7168K)
 Metaspace       used 121454K, capacity 124772K, committed 125508K, reserved 1157120K
  class space    used 15442K, capacity 16677K, committed 16964K, reserved 1048576K
}
Event: 5428.390 GC heap after
{Heap after GC invocations=40 (full 0):
 garbage-first heap   total 225280K, used 117100K [0x0000000080000000, 0x0000000100000000)
  region size 1024K, 2 young (2048K), 2 survivors (2048K)
 Metaspace       used 121454K, capacity 124772K, committed 125508K, reserved 1157120K
  class space    used 15442K, capacity 16677K, committed 16964K, reserved 1048576K
}
Event: 5428.574 GC heap before
{Heap before GC invocations=40 (full 0):
 garbage-first heap   total 225280K, used 149868K [0x0000000080000000, 0x0000000100000000)
  region size 1024K, 11 young (11264K), 2 survivors (2048K)
 Metaspace       used 121544K, capacity 124904K, committed 125764K, reserved 1159168K
  class space    used 15448K, capacity 16688K, committed 16964K, reserved 1048576K
}
Event: 5428.582 GC heap after
{Heap after GC invocations=41 (full 0):
 garbage-first heap   total 225280K, used 116905K [0x0000000080000000, 0x0000000100000000)
  region size 1024K, 1 young (1024K), 1 survivors (1024K)
 Metaspace       used 121544K, capacity 124904K, committed 125764K, reserved 1159168K
  class space    used 15448K, capacity 16688K, committed 16964K, reserved 1048576K
}
Event: 5432.074 GC heap before
{Heap before GC invocations=41 (full 0):
 garbage-first heap   total 225280K, used 184489K [0x0000000080000000, 0x0000000100000000)
  region size 1024K, 68 young (69632K), 1 survivors (1024K)
 Metaspace       used 121764K, capacity 125126K, committed 125764K, reserved 1159168K
  class space    used 15453K, capacity 16695K, committed 16964K, reserved 1048576K
}
Event: 5432.087 GC heap after
{Heap after GC invocations=42 (full 0):
 garbage-first heap   total 225280K, used 123777K [0x0000000080000000, 0x0000000100000000)
  region size 1024K, 8 young (8192K), 8 survivors (8192K)
 Metaspace       used 121764K, capacity 125126K, committed 125764K, reserved 1159168K
  class space    used 15453K, capacity 16695K, committed 16964K, reserved 1048576K
}
Event: 7576.119 GC heap before
{Heap before GC invocations=43 (full 0):
 garbage-first heap   total 225280K, used 184193K [0x0000000080000000, 0x0000000100000000)
  region size 1024K, 69 young (70656K), 8 survivors (8192K)
 Metaspace       used 121864K, capacity 125199K, committed 126020K, reserved 1159168K
  class space    used 15455K, capacity 16697K, committed 16964K, reserved 1048576K
}
Event: 7576.146 GC heap after
{Heap after GC invocations=44 (full 0):
 garbage-first heap   total 225280K, used 117272K [0x0000000080000000, 0x0000000100000000)
  region size 1024K, 1 young (1024K), 1 survivors (1024K)
 Metaspace       used 121864K, capacity 125199K, committed 126020K, reserved 1159168K
  class space    used 15455K, capacity 16697K, committed 16964K, reserved 1048576K
}
Event: 8091.483 GC heap before
{Heap before GC invocations=44 (full 0):
 garbage-first heap   total 225280K, used 127512K [0x0000000080000000, 0x0000000100000000)
  region size 1024K, 11 young (11264K), 1 survivors (1024K)
 Metaspace       used 121866K, capacity 125199K, committed 126020K, reserved 1159168K
  class space    used 15455K, capacity 16697K, committed 16964K, reserved 1048576K
}
Event: 8091.511 GC heap after
{Heap after GC invocations=45 (full 0):
 garbage-first heap   total 225280K, used 108153K [0x0000000080000000, 0x0000000100000000)
  region size 1024K, 1 young (1024K), 1 survivors (1024K)
 Metaspace       used 121866K, capacity 125199K, committed 126020K, reserved 1159168K
  class space    used 15455K, capacity 16697K, committed 16964K, reserved 1048576K
}
Event: 10034.182 GC heap before
{Heap before GC invocations=45 (full 0):
 garbage-first heap   total 225280K, used 181881K [0x0000000080000000, 0x0000000100000000)
  region size 1024K, 73 young (74752K), 1 survivors (1024K)
 Metaspace       used 122096K, capacity 125502K, committed 126148K, reserved 1159168K
  class space    used 15470K, capacity 16741K, committed 17092K, reserved 1048576K
}
Event: 10034.220 GC heap after
{Heap after GC invocations=46 (full 0):
 garbage-first heap   total 225280K, used 111931K [0x0000000080000000, 0x0000000100000000)
  region size 1024K, 5 young (5120K), 5 survivors (5120K)
 Metaspace       used 122096K, capacity 125502K, committed 126148K, reserved 1159168K
  class space    used 15470K, capacity 16741K, committed 17092K, reserved 1048576K
}
Event: 10035.924 GC heap before
{Heap before GC invocations=47 (full 0):
 garbage-first heap   total 225280K, used 183611K [0x0000000080000000, 0x0000000100000000)
  region size 1024K, 76 young (77824K), 5 survivors (5120K)
 Metaspace       used 123190K, capacity 126321K, committed 127812K, reserved 1159168K
  class space    used 15527K, capacity 16744K, committed 17220K, reserved 1048576K
}
Event: 10035.941 GC heap after
{Heap after GC invocations=48 (full 0):
 garbage-first heap   total 225280K, used 117602K [0x0000000080000000, 0x0000000100000000)
  region size 1024K, 10 young (10240K), 10 survivors (10240K)
 Metaspace       used 123190K, capacity 126321K, committed 127812K, reserved 1159168K
  class space    used 15527K, capacity 16744K, committed 17220K, reserved 1048576K
}
Event: 10035.953 GC heap before
{Heap before GC invocations=48 (full 0):
 garbage-first heap   total 225280K, used 118626K [0x0000000080000000, 0x0000000100000000)
  region size 1024K, 11 young (11264K), 10 survivors (10240K)
 Metaspace       used 123262K, capacity 126433K, committed 127812K, reserved 1159168K
  class space    used 15533K, capacity 16752K, committed 17220K, reserved 1048576K
}
Event: 10035.990 GC heap after
{Heap after GC invocations=49 (full 0):
 garbage-first heap   total 225280K, used 103745K [0x0000000080000000, 0x0000000100000000)
  region size 1024K, 2 young (2048K), 2 survivors (2048K)
 Metaspace       used 123262K, capacity 126433K, committed 127812K, reserved 1159168K
  class space    used 15533K, capacity 16752K, committed 17220K, reserved 1048576K
}
Event: 10041.512 GC heap before
{Heap before GC invocations=49 (full 0):
 garbage-first heap   total 225280K, used 180545K [0x0000000080000000, 0x0000000100000000)
  region size 1024K, 78 young (79872K), 2 survivors (2048K)
 Metaspace       used 125035K, capacity 128405K, committed 129220K, reserved 1161216K
  class space    used 15716K, capacity 17000K, committed 17348K, reserved 1048576K
}
Event: 10041.529 GC heap after
{Heap after GC invocations=50 (full 0):
 garbage-first heap   total 225280K, used 109750K [0x0000000080000000, 0x0000000100000000)
  region size 1024K, 8 young (8192K), 8 survivors (8192K)
 Metaspace       used 125035K, capacity 128405K, committed 129220K, reserved 1161216K
  class space    used 15716K, capacity 17000K, committed 17348K, reserved 1048576K
}

